<?xml version="1.0" encoding="UTF-8"?>
<!-- Generated by org.testng.reporters.JUnitXMLReporter -->
<testsuite hostname="Shamima" ignored="0" name="Firefox" tests="4" failures="3" timestamp="2020-09-20T14:01:32 EDT" time="10.925" errors="0">
  <testcase name="closingBrowser" time="0.016" classname="com.osa.tetes.HomePage">
    <failure type="java.lang.NullPointerException">
      <![CDATA[java.lang.NullPointerException
at com.osa.tetes.HomePage.closingBrowser(HomePage.java:38)
at java.util.concurrent.ThreadPoolExecutor.runWorker(Unknown Source)
at java.util.concurrent.ThreadPoolExecutor$Worker.run(Unknown Source)
at java.lang.Thread.run(Unknown Source)
... Removed 12 stack frames]]>
    </failure>
  </testcase> <!-- closingBrowser -->
  <testcase name="verifyLogin" time="0.02" classname="com.osa.tetes.HomePage">
    <failure type="java.lang.NullPointerException">
      <![CDATA[java.lang.NullPointerException
at com.osa.tetes.HomePage.verifyLogin(HomePage.java:31)
at java.util.concurrent.ThreadPoolExecutor.runWorker(Unknown Source)
at java.util.concurrent.ThreadPoolExecutor$Worker.run(Unknown Source)
at java.lang.Thread.run(Unknown Source)
... Removed 12 stack frames]]>
    </failure>
  </testcase> <!-- verifyLogin -->
  <testcase name="clickOnForumLoginButton" time="0.02" classname="com.osa.tetes.HomePage">
    <failure type="java.lang.NullPointerException">
      <![CDATA[java.lang.NullPointerException
at com.osa.tetes.HomePage.clickOnForumLoginButton(HomePage.java:27)
at java.util.concurrent.ThreadPoolExecutor.runWorker(Unknown Source)
at java.util.concurrent.ThreadPoolExecutor$Worker.run(Unknown Source)
at java.lang.Thread.run(Unknown Source)
... Removed 12 stack frames]]>
    </failure>
  </testcase> <!-- clickOnForumLoginButton -->
  <testcase name="verifyHomePageTitle" time="10.874" classname="com.osa.tetes.HomePage"/>
</testsuite> <!-- Firefox -->
