<?xml version="1.0" encoding="UTF-8"?>
<!-- Generated by org.testng.reporters.JUnitXMLReporter -->
<testsuite hostname="Shamima" ignored="0" name="Test" tests="1" failures="1" timestamp="2020-10-11T11:17:38 EDT" time="9.009" errors="0">
  <testcase name="verifyForumLogin" time="8.964" classname="com.osa.tetes.ForumLogin">
    <failure type="java.lang.AssertionError" message="expected [OSA Consulting Tech - All the projects] but found [OSA Consulting Tech - All the projects.]">
      <![CDATA[java.lang.AssertionError: expected [OSA Consulting Tech - All the projects] but found [OSA Consulting Tech - All the projects.]
at com.osa.utility.Utilities.verifyString(Utilities.java:43)
at com.osa.tetes.ForumLogin.verifyForumLogin(ForumLogin.java:34)
at java.util.ArrayList.forEach(Unknown Source)
... Removed 32 stack frames]]>
    </failure>
  </testcase> <!-- verifyForumLogin -->
</testsuite> <!-- Test -->
