<?xml version="1.0" encoding="UTF-8"?>
<testng-results ignored="0" total="1" passed="1" failed="0" skipped="0">
  <reporter-output>
  </reporter-output>
  <suite started-at="2021-01-17T20:07:21Z" name="Default suite" finished-at="2021-01-17T20:07:45Z" duration-ms="23064">
    <groups>
    </groups>
    <test started-at="2021-01-17T20:07:21Z" name="Default test" finished-at="2021-01-17T20:07:45Z" duration-ms="23064">
      <class name="com.osa.tetes.ForumLogin">
        <test-method is-config="true" signature="settingBrowser(org.testng.ITestContext)[pri:0, instance:com.osa.tetes.ForumLogin@130161f7]" started-at="2021-01-17T20:07:22Z" name="settingBrowser" finished-at="2021-01-17T20:07:25Z" duration-ms="3826" status="PASS">
          <params>
            <param index="0">
              <value>
                <![CDATA[org.testng.TestRunner@1e044120]]>
              </value>
            </param>
          </params>
          <reporter-output>
          </reporter-output>
        </test-method> <!-- settingBrowser -->
        <test-method signature="verifyForumLogin()[pri:0, instance:com.osa.tetes.ForumLogin@130161f7]" started-at="2021-01-17T20:07:25Z" name="verifyForumLogin" finished-at="2021-01-17T20:07:45Z" duration-ms="19217" status="PASS">
          <reporter-output>
          </reporter-output>
        </test-method> <!-- verifyForumLogin -->
        <test-method is-config="true" signature="clossingBrowser()[pri:0, instance:com.osa.tetes.ForumLogin@130161f7]" started-at="2021-01-17T20:07:45Z" name="clossingBrowser" finished-at="2021-01-17T20:07:45Z" duration-ms="0" status="PASS">
          <reporter-output>
          </reporter-output>
        </test-method> <!-- clossingBrowser -->
      </class> <!-- com.osa.tetes.ForumLogin -->
    </test> <!-- Default test -->
  </suite> <!-- Default suite -->
</testng-results>
